#
# There is insufficient memory for the Java Runtime Environment to continue.
# Native memory allocation (mmap) failed to map 132120576 bytes. Error detail: G1 virtual space
# Possible reasons:
#   The system is out of physical RAM or swap space
#   This process is running with CompressedOops enabled, and the Java Heap may be blocking the growth of the native heap
# Possible solutions:
#   Reduce memory load on the system
#   Increase physical memory or swap space
#   Check if swap backing store is full
#   Decrease Java heap size (-Xmx/-Xms)
#   Decrease number of Java threads
#   Decrease Java thread stack sizes (-Xss)
#   Set larger code cache with -XX:ReservedCodeCacheSize=
#   JVM is running with Unscaled Compressed Oops mode in which the Java heap is
#     placed in the first 4GB address space. The Java Heap base address is the
#     maximum limit for the native heap growth. Please use -XX:HeapBaseMinAddress
#     to set the Java Heap base and to place the Java Heap above 4GB virtual address.
# This output file may be truncated or incomplete.
#
#  Out of Memory Error (os_windows.cpp:3703), pid=6324, tid=31988
#
# JRE version:  (23.0+37) (build )
# Java VM: Java HotSpot(TM) 64-Bit Server VM (23+37-2369, mixed mode, sharing, tiered, compressed oops, compressed class ptrs, g1 gc, windows-amd64)
# No core dump will be written. Minidumps are not enabled by default on client versions of Windows
#

---------------  S U M M A R Y ------------

Command Line: --enable-preview -XX:+ShowCodeDetailsInExceptionMessages Pattern

Host: Intel(R) Core(TM) i3-10110U CPU @ 2.10GHz, 4 cores, 7G,  Windows 11 , 64 bit Build 22621 (10.0.22621.3958)
Time: Sat Oct 19 02:43:56 2024 India Standard Time elapsed time: 0.015773 seconds (0d 0h 0m 0s)

---------------  T H R E A D  ---------------

Current thread (0x0000027e2ea2c8e0):  JavaThread "Unknown thread" [_thread_in_vm, id=31988, stack(0x000000a8efe00000,0x000000a8eff00000) (1024K)]

Stack: [0x000000a8efe00000,0x000000a8eff00000]
Native frames: (J=compiled Java code, j=interpreted, Vv=VM code, C=native code)
V  [jvm.dll+0x6e08a9]  (no source info available)
V  [jvm.dll+0x87da63]  (no source info available)
V  [jvm.dll+0x87feee]  (no source info available)
V  [jvm.dll+0x8805c3]  (no source info available)
V  [jvm.dll+0x27aee6]  (no source info available)
V  [jvm.dll+0x6dd1b5]  (no source info available)
V  [jvm.dll+0x6d103a]  (no source info available)
V  [jvm.dll+0x35b3ea]  (no source info available)
V  [jvm.dll+0x3637f6]  (no source info available)
V  [jvm.dll+0x34fd5e]  (no source info available)
V  [jvm.dll+0x34fff8]  (no source info available)
V  [jvm.dll+0x3289cc]  (no source info available)
V  [jvm.dll+0x32966e]  (no source info available)
V  [jvm.dll+0x8442e5]  (no source info available)
V  [jvm.dll+0x3b9848]  (no source info available)
V  [jvm.dll+0x82d0dc]  (no source info available)
V  [jvm.dll+0x454d4e]  (no source info available)
V  [jvm.dll+0x456bd1]  (no source info available)
C  [jli.dll+0x52a3]  (no source info available)
C  [ucrtbase.dll+0x29333]  (no source info available)
C  [KERNEL32.DLL+0x1257d]  (no source info available)
C  [ntdll.dll+0x5af08]  (no source info available)

Lock stack of current Java thread (top to bottom):


---------------  P R O C E S S  ---------------

Threads class SMR info:
_java_thread_list=0x00007ff8cfac3618, length=0, elements={
}

Java Threads: ( => current thread )
Total: 0

Other Threads:
  0x0000027e30e6f620 WorkerThread "GC Thread#0"                     [id=2196, stack(0x000000a8eff00000,0x000000a8f0000000) (1024K)]
  0x0000027e30e841e0 ConcurrentGCThread "G1 Main Marker"            [id=19596, stack(0x000000a8f0000000,0x000000a8f0100000) (1024K)]
  0x0000027e30e85490 WorkerThread "G1 Conc#0"                       [id=6136, stack(0x000000a8f0100000,0x000000a8f0200000) (1024K)]

[error occurred during error reporting (printing all threads), id 0xc0000005, EXCEPTION_ACCESS_VIOLATION (0xc0000005) at pc=0x00007ff8cf20bfba]
VM state: not at safepoint (not fully initialized)

VM Mutex/Monitor currently owned by a thread:  ([mutex/lock_event])
[0x00007ff8cfb43a10] Heap_lock - owner thread: 0x0000027e2ea2c8e0

Heap address: 0x0000000082800000, size: 2008 MB, Compressed Oops mode: 32-bit

CDS archive(s) mapped at: [0x0000000000000000-0x0000000000000000-0x0000000000000000), size 0, SharedBaseAddress: 0x0000000800000000, ArchiveRelocationMode: 1.
Narrow klass base: 0x0000000000000000, Narrow klass shift: 0, Narrow klass range: 0x0

GC Precious Log:
 CardTable entry size: 512
 Card Set container configuration: InlinePtr #cards 5 size 8 Array Of Cards #cards 10 size 36 Howl #buckets 4 coarsen threshold 1843 Howl Bitmap #cards 512 size 80 coarsen threshold 460 Card regions per heap region 1 cards per card region 2048

Heap:
 garbage-first heap   total reserved 2056192K, committed 0K, used 0K [0x0000000082800000, 0x0000000100000000)
  region size 1024K, 0 young (0K), 0 survivors (0K)

[error occurred during error reporting (printing heap information), id 0xc0000005, EXCEPTION_ACCESS_VIOLATION (0xc0000005) at pc=0x00007ff8cf60c3b9]
GC Heap History (0 events):
No events

Dll operation events (1 events):
Event: 0.009 Loaded shared library C:\Program Files\jdk-23_windows-x64_bin\jdk-23\bin\java.dll

Deoptimization events (0 events):
No events

Classes loaded (0 events):
No events

Classes unloaded (0 events):
No events

Classes redefined (0 events):
No events

Internal exceptions (0 events):
No events

VM Operations (0 events):
No events

Memory protections (0 events):
No events

Nmethod flushes (0 events):
No events

Events (0 events):
No events


Dynamic libraries:
0x00007ff7e2e60000 - 0x00007ff7e2e70000 	C:\Program Files\jdk-23_windows-x64_bin\jdk-23\bin\java.exe
0x00007ff9623d0000 - 0x00007ff9625e7000 	C:\WINDOWS\SYSTEM32\ntdll.dll
0x00007ff961060000 - 0x00007ff961124000 	C:\WINDOWS\System32\KERNEL32.DLL
0x00007ff95fb70000 - 0x00007ff95ff27000 	C:\WINDOWS\System32\KERNELBASE.dll
0x00007ff95f750000 - 0x00007ff95f861000 	C:\WINDOWS\System32\ucrtbase.dll
0x00007ff951ed0000 - 0x00007ff951eeb000 	C:\Program Files\jdk-23_windows-x64_bin\jdk-23\bin\VCRUNTIME140.dll
0x00007ff94e550000 - 0x00007ff94e567000 	C:\Program Files\jdk-23_windows-x64_bin\jdk-23\bin\jli.dll
0x00007ff960eb0000 - 0x00007ff96105f000 	C:\WINDOWS\System32\USER32.dll
0x00007ff95fb40000 - 0x00007ff95fb66000 	C:\WINDOWS\System32\win32u.dll
0x00007ff947a00000 - 0x00007ff947c93000 	C:\WINDOWS\WinSxS\amd64_microsoft.windows.common-controls_6595b64144ccf1df_6.0.22621.3672_none_2713b9d173822955\COMCTL32.dll
0x00007ff962260000 - 0x00007ff962289000 	C:\WINDOWS\System32\GDI32.dll
0x00007ff961790000 - 0x00007ff961837000 	C:\WINDOWS\System32\msvcrt.dll
0x00007ff95ffe0000 - 0x00007ff9600f8000 	C:\WINDOWS\System32\gdi32full.dll
0x00007ff95f930000 - 0x00007ff95f9ca000 	C:\WINDOWS\System32\msvcp_win.dll
0x00007ff9615f0000 - 0x00007ff961621000 	C:\WINDOWS\System32\IMM32.DLL
0x00007ff9592a0000 - 0x00007ff9592ac000 	C:\Program Files\jdk-23_windows-x64_bin\jdk-23\bin\vcruntime140_1.dll
0x00007ff94cc10000 - 0x00007ff94cc9e000 	C:\Program Files\jdk-23_windows-x64_bin\jdk-23\bin\msvcp140.dll
0x00007ff8ceed0000 - 0x00007ff8cfc1f000 	C:\Program Files\jdk-23_windows-x64_bin\jdk-23\bin\server\jvm.dll
0x00007ff9618c0000 - 0x00007ff961972000 	C:\WINDOWS\System32\ADVAPI32.dll
0x00007ff960750000 - 0x00007ff9607f8000 	C:\WINDOWS\System32\sechost.dll
0x00007ff95ff30000 - 0x00007ff95ff58000 	C:\WINDOWS\System32\bcrypt.dll
0x00007ff960120000 - 0x00007ff960234000 	C:\WINDOWS\System32\RPCRT4.dll
0x00007ff961840000 - 0x00007ff9618b1000 	C:\WINDOWS\System32\WS2_32.dll
0x00007ff95f010000 - 0x00007ff95f05d000 	C:\WINDOWS\SYSTEM32\POWRPROF.dll
0x00007ff9589d0000 - 0x00007ff958a04000 	C:\WINDOWS\SYSTEM32\WINMM.dll
0x00007ff958fe0000 - 0x00007ff958fea000 	C:\WINDOWS\SYSTEM32\VERSION.dll
0x00007ff95eff0000 - 0x00007ff95f003000 	C:\WINDOWS\SYSTEM32\UMPDC.dll
0x00007ff95e6f0000 - 0x00007ff95e708000 	C:\WINDOWS\SYSTEM32\kernel.appcore.dll
0x00007ff958da0000 - 0x00007ff958daa000 	C:\Program Files\jdk-23_windows-x64_bin\jdk-23\bin\jimage.dll
0x00007ff958270000 - 0x00007ff9584a2000 	C:\WINDOWS\SYSTEM32\DBGHELP.DLL
0x00007ff960340000 - 0x00007ff9606ce000 	C:\WINDOWS\System32\combase.dll
0x00007ff960860000 - 0x00007ff960937000 	C:\WINDOWS\System32\OLEAUT32.dll
0x00007ff9581a0000 - 0x00007ff9581d2000 	C:\WINDOWS\SYSTEM32\dbgcore.DLL
0x00007ff95ff60000 - 0x00007ff95ffdb000 	C:\WINDOWS\System32\bcryptPrimitives.dll
0x00007ff94da60000 - 0x00007ff94da7e000 	C:\Program Files\jdk-23_windows-x64_bin\jdk-23\bin\java.dll
0x00007ff961140000 - 0x00007ff9612e5000 	C:\WINDOWS\System32\ole32.dll
0x00007ff9619f0000 - 0x00007ff962259000 	C:\WINDOWS\System32\SHELL32.dll

dbghelp: loaded successfully - version: 4.0.5 - missing functions: none
symbol engine: initialized successfully - sym options: 0x614 - pdb path: .;C:\Program Files\jdk-23_windows-x64_bin\jdk-23\bin;C:\WINDOWS\SYSTEM32;C:\WINDOWS\WinSxS\amd64_microsoft.windows.common-controls_6595b64144ccf1df_6.0.22621.3672_none_2713b9d173822955;C:\Program Files\jdk-23_windows-x64_bin\jdk-23\bin\server

VM Arguments:
jvm_args: --enable-preview -XX:+ShowCodeDetailsInExceptionMessages 
java_command: Pattern
java_class_path (initial): C:\Users\user\AppData\Roaming\Code\User\workspaceStorage\7b626a7ffe0e7d4983a3434dfea35604\redhat.java\jdt_ws\Java_cac71ac9\bin
Launcher Type: SUN_STANDARD

[Global flags]
     intx CICompilerCount                          = 3                                         {product} {ergonomic}
     uint ConcGCThreads                            = 1                                         {product} {ergonomic}
     uint G1ConcRefinementThreads                  = 4                                         {product} {ergonomic}
   size_t G1HeapRegionSize                         = 1048576                                   {product} {ergonomic}
   size_t InitialHeapSize                          = 132120576                                 {product} {ergonomic}
   size_t MarkStackSize                            = 4194304                                   {product} {ergonomic}
   size_t MarkStackSizeMax                         = 536870912                                 {product} {ergonomic}
   size_t MaxHeapSize                              = 2105540608                                {product} {ergonomic}
   size_t MinHeapDeltaBytes                        = 1048576                                   {product} {ergonomic}
   size_t MinHeapSize                              = 8388608                                   {product} {ergonomic}
    uintx NonNMethodCodeHeapSize                   = 5832704                                {pd product} {ergonomic}
    uintx NonProfiledCodeHeapSize                  = 122945536                              {pd product} {ergonomic}
    uintx ProfiledCodeHeapSize                     = 122880000                              {pd product} {ergonomic}
    uintx ReservedCodeCacheSize                    = 251658240                              {pd product} {ergonomic}
     bool SegmentedCodeCache                       = true                                      {product} {ergonomic}
     bool ShowCodeDetailsInExceptionMessages       = true                                   {manageable} {command line}
   size_t SoftMaxHeapSize                          = 2105540608                             {manageable} {ergonomic}
     bool UseCompressedOops                        = true                           {product lp64_product} {ergonomic}
     bool UseG1GC                                  = true                                      {product} {ergonomic}
     bool UseLargePagesIndividualAllocation        = false                                  {pd product} {ergonomic}

Logging:
Log output configuration:
 #0: stdout all=warning uptime,level,tags foldmultilines=false
 #1: stderr all=off uptime,level,tags foldmultilines=false

Environment Variables:
JAVA_HOME=C:\Program Files\jdk-23_windows-x64_bin\jdk-23
PATH=C:\Program Files\Common Files\Oracle\Java\javapath;C:\Program Files\Eclipse Adoptium\jdk-21.0.4.7-hotspot\bin;C:\WINDOWS\system32;C:\WINDOWS;C:\WINDOWS\System32\Wbem;C:\WINDOWS\System32\WindowsPowerShell\v1.0\;C:\WINDOWS\System32\OpenSSH\;C:\Program Files\Git\cmd;C:\ProgramData\ComposerSetup\bin;C:\Program Files\nodejs\;C:\FREQUENCY TECHNOLOGY\php-3.8;C:\Program Files\jdk-23_windows-x64_bin\jdk-23\bin;C:\Users\user\AppData\Local\Microsoft\WindowsApps;C:\Users\user\AppData\Local\Programs\Microsoft VS Code\bin;C:\Users\user\AppData\Local\GitHubDesktop\bin;C:\Users\user\AppData\Roaming\Composer\vendor\bin;C:\Users\user\AppData\Roaming\npm
USERNAME=user
LANG=en_US.UTF-8
OS=Windows_NT
PROCESSOR_IDENTIFIER=Intel64 Family 6 Model 142 Stepping 12, GenuineIntel
TMP=C:\Users\user\AppData\Local\Temp
TEMP=C:\Users\user\AppData\Local\Temp




Periodic native trim disabled

---------------  S Y S T E M  ---------------

OS:
 Windows 11 , 64 bit Build 22621 (10.0.22621.3958)
OS uptime: 3 days 2:13 hours
Hyper-V role detected

CPU: total 4 (initial active 4) (2 cores per cpu, 2 threads per core) family 6 model 142 stepping 12 microcode 0xde, cx8, cmov, fxsr, ht, mmx, 3dnowpref, sse, sse2, sse3, ssse3, sse4.1, sse4.2, popcnt, lzcnt, tsc, tscinvbit, avx, avx2, aes, erms, clmul, bmi1, bmi2, adx, fma, vzeroupper, clflush, clflushopt, hv, rdtscp, f16c
Processor Information for the first 4 processors :
  Max Mhz: 2592, Current Mhz: 2093, Mhz Limit: 2073

Memory: 4k page, system-wide physical 8026M (278M free)
TotalPageFile size 32602M (AvailPageFile size 71M)
current process WorkingSet (physical memory assigned to process): 12M, peak: 12M
current process commit charge ("private bytes"): 52M, peak: 178M

vm_info: Java HotSpot(TM) 64-Bit Server VM (23+37-2369) for windows-amd64 JRE (23+37-2369), built on 2024-08-20T16:01:23Z with MS VC++ 17.6 (VS2022)

END.
